<?xml version="1.0" encoding="UTF-8"?>
<!-- Generated by org.testng.reporters.JUnitReportReporter -->
<testsuite skipped="0" hostname="DESKTOP-R3SIJ5E" name="d_07_02_2022_tests.FormTest" tests="1" failures="0" timestamp="2022-02-10T17:05:35 CET" time="15.580" errors="0">
  <testcase name="fillInTheForm" time="15.580" classname="d_07_02_2022_tests.FormTest"/>
  <system-out/>
</testsuite> <!-- d_07_02_2022_tests.FormTest -->
