<?xml version="1.0" encoding="UTF-8"?>
<!-- Generated by org.testng.reporters.JUnitReportReporter -->
<testsuite skipped="0" hostname="DESKTOP-R3SIJ5E" name="d_08_02_2022_test.FormTest" tests="1" failures="0" timestamp="2022-02-11T12:05:36 CET" time="48.239" errors="0">
  <testcase name="testing" time="48.239" classname="d_08_02_2022_test.FormTest"/>
  <system-out/>
</testsuite> <!-- d_08_02_2022_test.FormTest -->
