<?xml version="1.0" encoding="UTF-8"?>
<!-- Generated by org.testng.reporters.JUnitReportReporter -->
<testsuite skipped="0" hostname="DESKTOP-R3SIJ5E" name="d_07_02_2022_tests.KatalonTest" tests="1" failures="0" timestamp="2022-02-10T16:57:26 CET" time="43.570" errors="0">
  <testcase name="KatalonTest" time="43.570" classname="d_07_02_2022_tests.KatalonTest"/>
  <system-out/>
</testsuite> <!-- d_07_02_2022_tests.KatalonTest -->
