<?xml version="1.0" encoding="UTF-8"?>
<!-- Generated by org.testng.reporters.JUnitReportReporter -->
<testsuite skipped="0" hostname="DESKTOP-R3SIJ5E" name="d_10_02_2022.GoogleScreenShot" tests="1" failures="0" timestamp="2022-02-13T10:17:24 CET" time="9.522" errors="0">
  <testcase name="TakeAScreenShot" time="9.522" classname="d_10_02_2022.GoogleScreenShot"/>
  <system-out/>
</testsuite> <!-- d_10_02_2022.GoogleScreenShot -->
